<?xml version="1.0" encoding="UTF-8"?>
<!-- Generated by org.testng.reporters.JUnitReportReporter -->
<testsuite skipped="0" hostname="NB0201" name="com.gk.tests.GoogleKeepTest" tests="2" failures="0" timestamp="10 Nov 2017 15:22:21 GMT" time="29.072" errors="0">
  <testcase name="verifyGKHeaderTryGoogleKeepBtnComponent" time="13.360" classname="com.gk.tests.GoogleKeepTest"/>
  <testcase name="verifyGKContainerItems" time="15.712" classname="com.gk.tests.GoogleKeepTest"/>
</testsuite> <!-- com.gk.tests.GoogleKeepTest -->
